D:\C_PROJECTS\APRIORI\APRIORI\DEBUG\APRIORI.EXE.EMBED.MANIFEST
D:\C_PROJECTS\APRIORI\APRIORI\DEBUG\APRIORI.EXE.EMBED.MANIFEST.RES
D:\C_PROJECTS\APRIORI\APRIORI\DEBUG\APRIORI.EXE.INTERMEDIATE.MANIFEST
D:\C_Projects\Apriori\Apriori\Debug\Apriori_manifest.rc
D:\C_Projects\Apriori\Apriori\Debug\cl.command.1.tlog
D:\C_Projects\Apriori\Apriori\Debug\CL.read.1.tlog
D:\C_Projects\Apriori\Apriori\Debug\CL.write.1.tlog
D:\C_Projects\Apriori\Apriori\Debug\link.3996.read.1.tlog
D:\C_Projects\Apriori\Apriori\Debug\link.3996.write.1.tlog
D:\C_Projects\Apriori\Apriori\Debug\link.3996-cvtres.read.1.tlog
D:\C_Projects\Apriori\Apriori\Debug\link.3996-cvtres.write.1.tlog
D:\C_Projects\Apriori\Apriori\Debug\link.command.1.tlog
D:\C_Projects\Apriori\Apriori\Debug\link.read.1.tlog
D:\C_Projects\Apriori\Apriori\Debug\link.write.1.tlog
D:\C_Projects\Apriori\Apriori\Debug\link-cvtres.read.1.tlog
D:\C_Projects\Apriori\Apriori\Debug\link-cvtres.write.1.tlog
D:\C_Projects\Apriori\Apriori\Debug\mt.command.1.tlog
D:\C_Projects\Apriori\Apriori\Debug\mt.read.1.tlog
D:\C_Projects\Apriori\Apriori\Debug\mt.write.1.tlog
D:\C_Projects\Apriori\Apriori\Debug\rc.command.1.tlog
D:\C_Projects\Apriori\Apriori\Debug\rc.read.1.tlog
D:\C_Projects\Apriori\Apriori\Debug\rc.write.1.tlog
D:\C_PROJECTS\APRIORI\APRIORI\DEBUG\SOURCE.OBJ
D:\C_Projects\Apriori\Apriori\Debug\vc100.idb
D:\C_PROJECTS\APRIORI\APRIORI\DEBUG\VC100.PDB
D:\C_PROJECTS\APRIORI\DEBUG\APRIORI.EXE
D:\C_PROJECTS\APRIORI\DEBUG\APRIORI.ILK
D:\C_PROJECTS\APRIORI\DEBUG\APRIORI.PDB
