빌드 시작: 2012-10-02 오전 10:03:08
     1>2 노드의 "C:\Users\AhnSH\Documents\이히히\priority_queue\priority_queue\priority_queue.vcxproj" 프로젝트(build 대상)입니다.
     1>PrepareForBuild:
         "C:\Users\AhnSH\Documents\이히히\priority_queue\Debug\" 디렉터리를 만들고 있습니다.
       InitializeBuildStatus:
         "AlwaysCreate"이(가) 지정되었기 때문에 "Debug\priority_queue.unsuccessfulbuild"을(를) 만들고 있습니다.
       ClCompile:
         C:\Program Files\Microsoft Visual Studio 10.0\VC\bin\CL.exe /c /ZI /nologo /W3 /WX- /Od /Oy- /D WIN32 /D _DEBUG /D _CONSOLE /D _UNICODE /D UNICODE /Gm /EHsc /RTC1 /MDd /GS /fp:precise /Zc:wchar_t /Zc:forScope /Fo"Debug\\" /Fd"Debug\vc100.pdb" /Gd /TP /analyze- /errorReport:prompt source.cpp
         source.cpp
     1>c:\users\ahnsh\documents\이히히\priority_queue\priority_queue\source.cpp(226): warning C4996: 'itoa': The POSIX name for this item is deprecated. Instead, use the ISO C++ conformant name: _itoa. See online help for details.
                 c:\program files\microsoft visual studio 10.0\vc\include\stdlib.h(867) : 'itoa' 선언을 참조하십시오.
     1>c:\users\ahnsh\documents\이히히\priority_queue\priority_queue\source.cpp(227): warning C4996: 'strcat': This function or variable may be unsafe. Consider using strcat_s instead. To disable deprecation, use _CRT_SECURE_NO_WARNINGS. See online help for details.
                 c:\program files\microsoft visual studio 10.0\vc\include\string.h(110) : 'strcat' 선언을 참조하십시오.
     1>c:\users\ahnsh\documents\이히히\priority_queue\priority_queue\source.cpp(228): warning C4996: 'fopen': This function or variable may be unsafe. Consider using fopen_s instead. To disable deprecation, use _CRT_SECURE_NO_WARNINGS. See online help for details.
                 c:\program files\microsoft visual studio 10.0\vc\include\stdio.h(234) : 'fopen' 선언을 참조하십시오.
     1>c:\users\ahnsh\documents\이히히\priority_queue\priority_queue\source.cpp(238): warning C4996: 'fscanf': This function or variable may be unsafe. Consider using fscanf_s instead. To disable deprecation, use _CRT_SECURE_NO_WARNINGS. See online help for details.
                 c:\program files\microsoft visual studio 10.0\vc\include\stdio.h(253) : 'fscanf' 선언을 참조하십시오.
     1>c:\users\ahnsh\documents\이히히\priority_queue\priority_queue\source.cpp(244): warning C4996: 'fscanf': This function or variable may be unsafe. Consider using fscanf_s instead. To disable deprecation, use _CRT_SECURE_NO_WARNINGS. See online help for details.
                 c:\program files\microsoft visual studio 10.0\vc\include\stdio.h(253) : 'fscanf' 선언을 참조하십시오.
     1>c:\users\ahnsh\documents\이히히\priority_queue\priority_queue\source.cpp(251): warning C4996: 'fscanf': This function or variable may be unsafe. Consider using fscanf_s instead. To disable deprecation, use _CRT_SECURE_NO_WARNINGS. See online help for details.
                 c:\program files\microsoft visual studio 10.0\vc\include\stdio.h(253) : 'fscanf' 선언을 참조하십시오.
     1>c:\users\ahnsh\documents\이히히\priority_queue\priority_queue\source.cpp(258): warning C4996: 'itoa': The POSIX name for this item is deprecated. Instead, use the ISO C++ conformant name: _itoa. See online help for details.
                 c:\program files\microsoft visual studio 10.0\vc\include\stdlib.h(867) : 'itoa' 선언을 참조하십시오.
     1>c:\users\ahnsh\documents\이히히\priority_queue\priority_queue\source.cpp(259): warning C4996: 'strcat': This function or variable may be unsafe. Consider using strcat_s instead. To disable deprecation, use _CRT_SECURE_NO_WARNINGS. See online help for details.
                 c:\program files\microsoft visual studio 10.0\vc\include\string.h(110) : 'strcat' 선언을 참조하십시오.
     1>c:\users\ahnsh\documents\이히히\priority_queue\priority_queue\source.cpp(260): warning C4996: 'fopen': This function or variable may be unsafe. Consider using fopen_s instead. To disable deprecation, use _CRT_SECURE_NO_WARNINGS. See online help for details.
                 c:\program files\microsoft visual studio 10.0\vc\include\stdio.h(234) : 'fopen' 선언을 참조하십시오.
     1>c:\users\ahnsh\documents\이히히\priority_queue\priority_queue\source.cpp(218): warning C4101: 'temp' :참조되지 않은 지역 변수입니다.
     1>c:\users\ahnsh\documents\이히히\priority_queue\priority_queue\source.cpp(217): warning C4101: 'k' :참조되지 않은 지역 변수입니다.
     1>c:\users\ahnsh\documents\이히히\priority_queue\priority_queue\source.cpp(217): warning C4101: 'j' :참조되지 않은 지역 변수입니다.
       ManifestResourceCompile:
         c:\Program Files\Microsoft SDKs\Windows\v7.0A\bin\rc.exe /nologo /fo"Debug\priority_queue.exe.embed.manifest.res" Debug\priority_queue_manifest.rc 
       Link:
         C:\Program Files\Microsoft Visual Studio 10.0\VC\bin\link.exe /ERRORREPORT:PROMPT /OUT:"C:\Users\AhnSH\Documents\이히히\priority_queue\Debug\priority_queue.exe" /INCREMENTAL /NOLOGO kernel32.lib user32.lib gdi32.lib winspool.lib comdlg32.lib advapi32.lib shell32.lib ole32.lib oleaut32.lib uuid.lib odbc32.lib odbccp32.lib /MANIFEST /ManifestFile:"Debug\priority_queue.exe.intermediate.manifest" /MANIFESTUAC:"level='asInvoker' uiAccess='false'" /DEBUG /PDB:"C:\Users\AhnSH\Documents\이히히\priority_queue\Debug\priority_queue.pdb" /SUBSYSTEM:CONSOLE /TLBID:1 /DYNAMICBASE /NXCOMPAT /IMPLIB:"C:\Users\AhnSH\Documents\이히히\priority_queue\Debug\priority_queue.lib" /MACHINE:X86 Debug\priority_queue.exe.embed.manifest.res
         Debug\source.obj
       Manifest:
         c:\Program Files\Microsoft SDKs\Windows\v7.0A\bin\mt.exe /nologo /verbose /out:"Debug\priority_queue.exe.embed.manifest" /manifest Debug\priority_queue.exe.intermediate.manifest
         c:\Program Files\Microsoft SDKs\Windows\v7.0A\bin\rc.exe /nologo /fo"Debug\priority_queue.exe.embed.manifest.res" Debug\priority_queue_manifest.rc 
       LinkEmbedManifest:
         C:\Program Files\Microsoft Visual Studio 10.0\VC\bin\link.exe /ERRORREPORT:PROMPT /OUT:"C:\Users\AhnSH\Documents\이히히\priority_queue\Debug\priority_queue.exe" /INCREMENTAL /NOLOGO kernel32.lib user32.lib gdi32.lib winspool.lib comdlg32.lib advapi32.lib shell32.lib ole32.lib oleaut32.lib uuid.lib odbc32.lib odbccp32.lib /MANIFEST /ManifestFile:"Debug\priority_queue.exe.intermediate.manifest" /MANIFESTUAC:"level='asInvoker' uiAccess='false'" /DEBUG /PDB:"C:\Users\AhnSH\Documents\이히히\priority_queue\Debug\priority_queue.pdb" /SUBSYSTEM:CONSOLE /TLBID:1 /DYNAMICBASE /NXCOMPAT /IMPLIB:"C:\Users\AhnSH\Documents\이히히\priority_queue\Debug\priority_queue.lib" /MACHINE:X86 Debug\priority_queue.exe.embed.manifest.res
         Debug\source.obj
         priority_queue.vcxproj -> C:\Users\AhnSH\Documents\이히히\priority_queue\Debug\priority_queue.exe
       FinalizeBuildStatus:
         "Debug\priority_queue.unsuccessfulbuild" 파일을 삭제하고 있습니다.
         "Debug\priority_queue.lastbuildstate"에 연결(touching)하고 있습니다.
     1>"C:\Users\AhnSH\Documents\이히히\priority_queue\priority_queue\priority_queue.vcxproj" 프로젝트를 빌드했습니다(build 대상).

빌드했습니다.

경과 시간: 00:00:02.42
